2020-07-05 02:11:50,569 INFO [test01.py(test01:20)] - 正在执行调用执行数据：{'path': '/api/sys/login', 'method': 'post', 'headers': {'Content-Type': 'application/json'}, 'param_type': 'json', 'params': {'mobile': '13800000002', 'password': '123456'}, 'expect': {'code': 200, 'result': {'success': True, 'code': 100001, 'message': '操作成功！'}}, 'x_y': [2, 12]}
2020-07-05 02:11:50,570 INFO [api.py(run_method:48)] - 正在调用运行接口方法
2020-07-05 02:11:50,570 INFO [api.py(_post:29)] - 正在调用 post请求方法
2020-07-05 02:11:50,651 INFO [common_assert.py(common_assert:7)] - 正在调用断言公共方法
2020-07-05 02:11:50,678 ERROR [test01.py(test01:32)] - 错误，原因：错误！响应 code：10000 预期 code：100001
2020-07-05 02:11:50,784 INFO [test01.py(test01:20)] - 正在执行调用执行数据：{'path': '/api/sys/login', 'method': 'post', 'headers': {'Content-Type': 'application/json'}, 'param_type': 'json', 'params': {'mobile': 'itheima', 'password': '123456'}, 'expect': {'code': 200, 'result': {'success': False, 'code': 20001, 'message': '用户名或密码错误'}}, 'x_y': [6, 12]}
2020-07-05 02:11:50,784 INFO [api.py(run_method:48)] - 正在调用运行接口方法
2020-07-05 02:11:50,784 INFO [api.py(_post:29)] - 正在调用 post请求方法
2020-07-05 02:11:50,883 INFO [common_assert.py(common_assert:7)] - 正在调用断言公共方法
2020-07-05 02:11:50,914 INFO [test01.py(test01:20)] - 正在执行调用执行数据：{'path': '/api/sys/login', 'method': 'post', 'headers': {'Content-Type': 'application/json'}, 'param_type': 'json', 'params': {'mobile': '13800000002', 'password': ''}, 'expect': {'code': 200, 'result': {'success': False, 'code': 20001, 'message': '用户名或密码错误'}}, 'x_y': [7, 12]}
2020-07-05 02:11:50,914 INFO [api.py(run_method:48)] - 正在调用运行接口方法
2020-07-05 02:11:50,914 INFO [api.py(_post:29)] - 正在调用 post请求方法
2020-07-05 02:11:50,962 INFO [common_assert.py(common_assert:7)] - 正在调用断言公共方法
2020-07-05 02:14:34,195 INFO [test01.py(test01:20)] - 正在执行调用执行数据：{'path': '/api/sys/login', 'method': 'post', 'headers': {'Content-Type': 'application/json'}, 'param_type': 'json', 'params': {'mobile': '13800000002', 'password': '123456'}, 'expect': {'code': 200, 'result': {'success': True, 'code': 100001, 'message': '操作成功！'}}, 'x_y': [2, 12]}
2020-07-05 02:14:34,195 INFO [api.py(run_method:48)] - 正在调用运行接口方法
2020-07-05 02:14:34,196 INFO [api.py(_post:29)] - 正在调用 post请求方法
2020-07-05 02:14:34,277 INFO [common_assert.py(common_assert:7)] - 正在调用断言公共方法
2020-07-05 02:14:34,306 ERROR [test01.py(test01:32)] - 错误，原因：错误！响应 code：10000 预期 code：100001
2020-07-05 02:14:34,410 INFO [test01.py(test01:20)] - 正在执行调用执行数据：{'path': '/api/sys/login', 'method': 'post', 'headers': {'Content-Type': 'application/json'}, 'param_type': 'json', 'params': {'mobile': 'itheima', 'password': '123456'}, 'expect': {'code': 200, 'result': {'success': False, 'code': 20001, 'message': '用户名或密码错误'}}, 'x_y': [6, 12]}
2020-07-05 02:14:34,410 INFO [api.py(run_method:48)] - 正在调用运行接口方法
2020-07-05 02:14:34,410 INFO [api.py(_post:29)] - 正在调用 post请求方法
2020-07-05 02:14:34,462 INFO [common_assert.py(common_assert:7)] - 正在调用断言公共方法
2020-07-05 02:14:34,491 INFO [test01.py(test01:20)] - 正在执行调用执行数据：{'path': '/api/sys/login', 'method': 'post', 'headers': {'Content-Type': 'application/json'}, 'param_type': 'json', 'params': {'mobile': '13800000002', 'password': ''}, 'expect': {'code': 200, 'result': {'success': False, 'code': 20001, 'message': '用户名或密码错误'}}, 'x_y': [7, 12]}
2020-07-05 02:14:34,492 INFO [api.py(run_method:48)] - 正在调用运行接口方法
2020-07-05 02:14:34,492 INFO [api.py(_post:29)] - 正在调用 post请求方法
2020-07-05 02:14:34,538 INFO [common_assert.py(common_assert:7)] - 正在调用断言公共方法
